2017-11-16_12:39:31.533 [main] DEBUG c.j.j.internal.path.CompiledPath - Evaluating path: $[0]['creatorId']
2017-11-16_12:39:31.535 [main] DEBUG c.j.j.internal.path.CompiledPath - Evaluating path: $[1]['circleName']
2017-11-16_12:39:31.536 [main] DEBUG c.j.j.internal.path.CompiledPath - Evaluating path: $[1]['creatorId']
2017-11-16_12:39:31.615 [main] DEBUG c.j.j.internal.path.CompiledPath - Evaluating path: $['username']
2017-11-16_12:39:31.615 [main] DEBUG c.j.j.internal.path.CompiledPath - Evaluating path: $['password']
2017-11-16_12:39:31.624 [main] DEBUG c.j.j.internal.path.CompiledPath - Evaluating path: $['circleName']
2017-11-16_12:39:31.625 [main] DEBUG c.j.j.internal.path.CompiledPath - Evaluating path: $['creatorId']
2017-11-16_12:39:32.020 [main] DEBUG c.j.j.internal.path.CompiledPath - Evaluating path: $['username']
2017-11-16_12:39:32.020 [main] DEBUG c.j.j.internal.path.CompiledPath - Evaluating path: $['password']
2017-11-16_12:39:32.062 [main] DEBUG c.j.j.internal.path.CompiledPath - Evaluating path: $['username']
2017-11-16_12:39:32.062 [main] DEBUG c.j.j.internal.path.CompiledPath - Evaluating path: $['password']
2017-11-16_12:39:32.065 [main] DEBUG c.j.j.internal.path.CompiledPath - Evaluating path: $
2017-11-16_12:39:32.065 [main] DEBUG c.j.j.internal.path.CompiledPath - Evaluating path: $[0]
2017-11-16_12:39:32.066 [main] DEBUG c.j.j.internal.path.CompiledPath - Evaluating path: $[1]
2017-11-16_12:39:32.066 [main] DEBUG c.j.j.internal.path.CompiledPath - Evaluating path: $[2]
2017-11-16_12:39:32.112 [main] DEBUG c.j.j.internal.path.CompiledPath - Evaluating path: $['username']
2017-11-16_12:39:32.113 [main] DEBUG c.j.j.internal.path.CompiledPath - Evaluating path: $['password']
2017-11-16_12:39:32.212 [main] DEBUG c.j.j.internal.path.CompiledPath - Evaluating path: $['username']
2017-11-16_12:39:32.230 [main] DEBUG c.j.j.internal.path.CompiledPath - Evaluating path: $['password']
2017-11-16_12:39:32.385 [main] DEBUG c.j.j.internal.path.CompiledPath - Evaluating path: $['username']
2017-11-16_12:39:32.386 [main] DEBUG c.j.j.internal.path.CompiledPath - Evaluating path: $['password']
2017-11-16_12:39:32.425 [main] DEBUG c.j.j.internal.path.CompiledPath - Evaluating path: $['username']
2017-11-16_12:39:32.426 [main] DEBUG c.j.j.internal.path.CompiledPath - Evaluating path: $['password']
2017-11-16_12:39:32.434 [main] DEBUG c.j.j.internal.path.CompiledPath - Evaluating path: $
2017-11-16_12:39:32.434 [main] DEBUG c.j.j.internal.path.CompiledPath - Evaluating path: $[0]['senderName']
2017-11-16_12:39:32.435 [main] DEBUG c.j.j.internal.path.CompiledPath - Evaluating path: $[0]['circleName']
2017-11-16_12:39:32.435 [main] DEBUG c.j.j.internal.path.CompiledPath - Evaluating path: $[0]['streamType']
2017-11-16_12:39:32.436 [main] DEBUG c.j.j.internal.path.CompiledPath - Evaluating path: $[0]['message']
2017-11-16_12:39:32.436 [main] DEBUG c.j.j.internal.path.CompiledPath - Evaluating path: $[0]['tag']
2017-11-16_12:39:32.436 [main] DEBUG c.j.j.internal.path.CompiledPath - Evaluating path: $[1]['senderName']
2017-11-16_12:39:32.437 [main] DEBUG c.j.j.internal.path.CompiledPath - Evaluating path: $[1]['circleName']
2017-11-16_12:39:32.437 [main] DEBUG c.j.j.internal.path.CompiledPath - Evaluating path: $[1]['streamType']
2017-11-16_12:39:32.438 [main] DEBUG c.j.j.internal.path.CompiledPath - Evaluating path: $[1]['message']
2017-11-16_12:39:32.441 [main] DEBUG c.j.j.internal.path.CompiledPath - Evaluating path: $[1]['tag']
2017-11-16_12:39:32.443 [main] DEBUG c.j.j.internal.path.CompiledPath - Evaluating path: $[2]['senderName']
2017-11-16_12:39:32.444 [main] DEBUG c.j.j.internal.path.CompiledPath - Evaluating path: $[2]['circleName']
2017-11-16_12:39:32.444 [main] DEBUG c.j.j.internal.path.CompiledPath - Evaluating path: $[2]['streamType']
2017-11-16_12:39:32.445 [main] DEBUG c.j.j.internal.path.CompiledPath - Evaluating path: $[2]['message']
2017-11-16_12:39:32.445 [main] DEBUG c.j.j.internal.path.CompiledPath - Evaluating path: $[2]['tag']
2017-11-16_12:39:32.481 [main] DEBUG c.j.j.internal.path.CompiledPath - Evaluating path: $['username']
2017-11-16_12:39:32.481 [main] DEBUG c.j.j.internal.path.CompiledPath - Evaluating path: $['password']
2017-11-16_12:39:32.542 [main] DEBUG c.j.j.internal.path.CompiledPath - Evaluating path: $['username']
2017-11-16_12:39:32.543 [main] DEBUG c.j.j.internal.path.CompiledPath - Evaluating path: $['password']
2017-11-16_12:39:32.577 [main] DEBUG c.j.j.internal.path.CompiledPath - Evaluating path: $['username']
2017-11-16_12:39:32.577 [main] DEBUG c.j.j.internal.path.CompiledPath - Evaluating path: $['password']
2017-11-16_12:39:32.668 [main] DEBUG c.j.j.internal.path.CompiledPath - Evaluating path: $['username']
2017-11-16_12:39:32.669 [main] DEBUG c.j.j.internal.path.CompiledPath - Evaluating path: $['password']
2017-11-16_12:39:32.723 [main] DEBUG c.j.j.internal.path.CompiledPath - Evaluating path: $['username']
2017-11-16_12:39:32.725 [main] DEBUG c.j.j.internal.path.CompiledPath - Evaluating path: $['password']
2017-11-16_12:39:32.729 [main] DEBUG c.j.j.internal.path.CompiledPath - Evaluating path: $
2017-11-16_12:39:32.729 [main] DEBUG c.j.j.internal.path.CompiledPath - Evaluating path: $[0]
2017-11-16_12:39:32.730 [main] DEBUG c.j.j.internal.path.CompiledPath - Evaluating path: $[1]
2017-11-16_12:39:32.758 [main] DEBUG c.j.j.internal.path.CompiledPath - Evaluating path: $['username']
2017-11-16_12:39:32.759 [main] DEBUG c.j.j.internal.path.CompiledPath - Evaluating path: $['password']
2017-11-16_12:39:32.763 [main] DEBUG c.j.j.internal.path.CompiledPath - Evaluating path: $
2017-11-16_12:39:32.763 [main] DEBUG c.j.j.internal.path.CompiledPath - Evaluating path: $[0]['senderName']
2017-11-16_12:39:32.764 [main] DEBUG c.j.j.internal.path.CompiledPath - Evaluating path: $[0]['circleName']
2017-11-16_12:39:32.764 [main] DEBUG c.j.j.internal.path.CompiledPath - Evaluating path: $[0]['streamType']
2017-11-16_12:39:32.764 [main] DEBUG c.j.j.internal.path.CompiledPath - Evaluating path: $[0]['message']
2017-11-16_12:39:32.765 [main] DEBUG c.j.j.internal.path.CompiledPath - Evaluating path: $[1]['senderName']
2017-11-16_12:39:32.765 [main] DEBUG c.j.j.internal.path.CompiledPath - Evaluating path: $[1]['circleName']
2017-11-16_12:39:32.765 [main] DEBUG c.j.j.internal.path.CompiledPath - Evaluating path: $[1]['streamType']
2017-11-16_12:39:32.766 [main] DEBUG c.j.j.internal.path.CompiledPath - Evaluating path: $[1]['message']
2017-11-16_12:39:32.766 [main] DEBUG c.j.j.internal.path.CompiledPath - Evaluating path: $[2]['senderName']
2017-11-16_12:39:32.766 [main] DEBUG c.j.j.internal.path.CompiledPath - Evaluating path: $[2]['circleName']
2017-11-16_12:39:32.766 [main] DEBUG c.j.j.internal.path.CompiledPath - Evaluating path: $[2]['streamType']
2017-11-16_12:39:32.767 [main] DEBUG c.j.j.internal.path.CompiledPath - Evaluating path: $[2]['message']
2017-11-16_12:39:32.796 [main] DEBUG c.j.j.internal.path.CompiledPath - Evaluating path: $['username']
2017-11-16_12:39:32.796 [main] DEBUG c.j.j.internal.path.CompiledPath - Evaluating path: $['password']
2017-11-16_12:39:32.803 [main] DEBUG c.j.j.internal.path.CompiledPath - Evaluating path: $
2017-11-16_12:39:32.807 [main] DEBUG c.j.j.internal.path.CompiledPath - Evaluating path: $[0]['senderName']
2017-11-16_12:39:32.807 [main] DEBUG c.j.j.internal.path.CompiledPath - Evaluating path: $[0]['receiverId']
2017-11-16_12:39:32.808 [main] DEBUG c.j.j.internal.path.CompiledPath - Evaluating path: $[0]['streamType']
2017-11-16_12:39:32.809 [main] DEBUG c.j.j.internal.path.CompiledPath - Evaluating path: $[0]['message']
2017-11-16_12:39:32.809 [main] DEBUG c.j.j.internal.path.CompiledPath - Evaluating path: $[1]['senderName']
2017-11-16_12:39:32.810 [main] DEBUG c.j.j.internal.path.CompiledPath - Evaluating path: $[1]['receiverId']
2017-11-16_12:39:32.810 [main] DEBUG c.j.j.internal.path.CompiledPath - Evaluating path: $[1]['streamType']
2017-11-16_12:39:32.811 [main] DEBUG c.j.j.internal.path.CompiledPath - Evaluating path: $[1]['message']
2017-11-16_12:39:32.811 [main] DEBUG c.j.j.internal.path.CompiledPath - Evaluating path: $[2]['senderName']
2017-11-16_12:39:32.812 [main] DEBUG c.j.j.internal.path.CompiledPath - Evaluating path: $[2]['receiverId']
2017-11-16_12:39:32.812 [main] DEBUG c.j.j.internal.path.CompiledPath - Evaluating path: $[2]['streamType']
2017-11-16_12:39:32.814 [main] DEBUG c.j.j.internal.path.CompiledPath - Evaluating path: $[2]['message']
2017-11-16_12:39:32.993 [main] DEBUG c.j.j.internal.path.CompiledPath - Evaluating path: $['username']
2017-11-16_12:39:32.994 [main] DEBUG c.j.j.internal.path.CompiledPath - Evaluating path: $['password']
2017-11-16_12:39:33.046 [main] DEBUG c.j.j.internal.path.CompiledPath - Evaluating path: $['username']
2017-11-16_12:39:33.046 [main] DEBUG c.j.j.internal.path.CompiledPath - Evaluating path: $['password']
2017-11-16_12:39:33.149 [main] DEBUG c.j.j.internal.path.CompiledPath - Evaluating path: $['username']
2017-11-16_12:39:33.149 [main] DEBUG c.j.j.internal.path.CompiledPath - Evaluating path: $['password']
2017-11-16_12:39:33.178 [main] DEBUG c.j.j.internal.path.CompiledPath - Evaluating path: $['username']
2017-11-16_12:39:33.179 [main] DEBUG c.j.j.internal.path.CompiledPath - Evaluating path: $['password']
2017-11-16_12:39:33.212 [main] DEBUG c.j.j.internal.path.CompiledPath - Evaluating path: $['username']
2017-11-16_12:39:33.212 [main] DEBUG c.j.j.internal.path.CompiledPath - Evaluating path: $['password']
2017-11-16_12:39:33.243 [main] DEBUG c.j.j.internal.path.CompiledPath - Evaluating path: $['username']
2017-11-16_12:39:33.244 [main] DEBUG c.j.j.internal.path.CompiledPath - Evaluating path: $['password']
2017-11-16_12:39:33.284 [main] DEBUG c.j.j.internal.path.CompiledPath - Evaluating path: $['username']
2017-11-16_12:39:33.284 [main] DEBUG c.j.j.internal.path.CompiledPath - Evaluating path: $['password']
2017-11-16_12:39:33.371 [main] DEBUG c.j.j.internal.path.CompiledPath - Evaluating path: $['username']
2017-11-16_12:39:33.372 [main] DEBUG c.j.j.internal.path.CompiledPath - Evaluating path: $['password']
2017-11-16_12:39:33.403 [main] DEBUG c.j.j.internal.path.CompiledPath - Evaluating path: $['username']
2017-11-16_12:39:33.404 [main] DEBUG c.j.j.internal.path.CompiledPath - Evaluating path: $['password']
