2017-11-16_12:22:33.215 [main] DEBUG c.j.j.internal.path.CompiledPath - Evaluating path: $[0]['circleName']
2017-11-16_12:22:33.219 [main] DEBUG c.j.j.internal.path.CompiledPath - Evaluating path: $[0]['streamType']
2017-11-16_12:22:33.220 [main] DEBUG c.j.j.internal.path.CompiledPath - Evaluating path: $[0]['message']
2017-11-16_12:22:33.221 [main] DEBUG c.j.j.internal.path.CompiledPath - Evaluating path: $[0]['tag']
2017-11-16_12:22:33.222 [main] DEBUG c.j.j.internal.path.CompiledPath - Evaluating path: $[1]['senderName']
2017-11-16_12:22:33.223 [main] DEBUG c.j.j.internal.path.CompiledPath - Evaluating path: $[1]['circleName']
2017-11-16_12:22:33.224 [main] DEBUG c.j.j.internal.path.CompiledPath - Evaluating path: $[1]['streamType']
2017-11-16_12:22:33.225 [main] DEBUG c.j.j.internal.path.CompiledPath - Evaluating path: $[1]['message']
2017-11-16_12:22:33.225 [main] DEBUG c.j.j.internal.path.CompiledPath - Evaluating path: $[1]['tag']
2017-11-16_12:22:33.226 [main] DEBUG c.j.j.internal.path.CompiledPath - Evaluating path: $[2]['senderName']
2017-11-16_12:22:33.227 [main] DEBUG c.j.j.internal.path.CompiledPath - Evaluating path: $[2]['circleName']
2017-11-16_12:22:33.228 [main] DEBUG c.j.j.internal.path.CompiledPath - Evaluating path: $[2]['streamType']
2017-11-16_12:22:33.229 [main] DEBUG c.j.j.internal.path.CompiledPath - Evaluating path: $[2]['message']
2017-11-16_12:22:33.230 [main] DEBUG c.j.j.internal.path.CompiledPath - Evaluating path: $[2]['tag']
2017-11-16_12:22:33.288 [main] DEBUG c.j.j.internal.path.CompiledPath - Evaluating path: $['username']
2017-11-16_12:22:33.288 [main] DEBUG c.j.j.internal.path.CompiledPath - Evaluating path: $['password']
2017-11-16_12:22:33.341 [main] DEBUG c.j.j.internal.path.CompiledPath - Evaluating path: $['username']
2017-11-16_12:22:33.342 [main] DEBUG c.j.j.internal.path.CompiledPath - Evaluating path: $['password']
2017-11-16_12:22:33.397 [main] DEBUG c.j.j.internal.path.CompiledPath - Evaluating path: $['username']
2017-11-16_12:22:33.398 [main] DEBUG c.j.j.internal.path.CompiledPath - Evaluating path: $['password']
2017-11-16_12:22:33.508 [main] DEBUG c.j.j.internal.path.CompiledPath - Evaluating path: $['username']
2017-11-16_12:22:33.509 [main] DEBUG c.j.j.internal.path.CompiledPath - Evaluating path: $['password']
2017-11-16_12:22:33.574 [main] DEBUG c.j.j.internal.path.CompiledPath - Evaluating path: $['username']
2017-11-16_12:22:33.574 [main] DEBUG c.j.j.internal.path.CompiledPath - Evaluating path: $['password']
2017-11-16_12:22:33.583 [main] DEBUG c.j.j.internal.path.CompiledPath - Evaluating path: $
2017-11-16_12:22:33.584 [main] DEBUG c.j.j.internal.path.CompiledPath - Evaluating path: $[0]
2017-11-16_12:22:33.585 [main] DEBUG c.j.j.internal.path.CompiledPath - Evaluating path: $[1]
2017-11-16_12:22:33.649 [main] DEBUG c.j.j.internal.path.CompiledPath - Evaluating path: $['username']
2017-11-16_12:22:33.654 [main] DEBUG c.j.j.internal.path.CompiledPath - Evaluating path: $['password']
2017-11-16_12:22:33.680 [main] DEBUG c.j.j.internal.path.CompiledPath - Evaluating path: $
2017-11-16_12:22:33.683 [main] DEBUG c.j.j.internal.path.CompiledPath - Evaluating path: $[0]['senderName']
2017-11-16_12:22:33.684 [main] DEBUG c.j.j.internal.path.CompiledPath - Evaluating path: $[0]['circleName']
2017-11-16_12:22:33.685 [main] DEBUG c.j.j.internal.path.CompiledPath - Evaluating path: $[0]['streamType']
2017-11-16_12:22:33.685 [main] DEBUG c.j.j.internal.path.CompiledPath - Evaluating path: $[0]['message']
2017-11-16_12:22:33.686 [main] DEBUG c.j.j.internal.path.CompiledPath - Evaluating path: $[1]['senderName']
2017-11-16_12:22:33.686 [main] DEBUG c.j.j.internal.path.CompiledPath - Evaluating path: $[1]['circleName']
2017-11-16_12:22:33.688 [main] DEBUG c.j.j.internal.path.CompiledPath - Evaluating path: $[1]['streamType']
2017-11-16_12:22:33.688 [main] DEBUG c.j.j.internal.path.CompiledPath - Evaluating path: $[1]['message']
2017-11-16_12:22:33.689 [main] DEBUG c.j.j.internal.path.CompiledPath - Evaluating path: $[2]['senderName']
2017-11-16_12:22:33.689 [main] DEBUG c.j.j.internal.path.CompiledPath - Evaluating path: $[2]['circleName']
2017-11-16_12:22:33.690 [main] DEBUG c.j.j.internal.path.CompiledPath - Evaluating path: $[2]['streamType']
2017-11-16_12:22:33.691 [main] DEBUG c.j.j.internal.path.CompiledPath - Evaluating path: $[2]['message']
2017-11-16_12:22:33.785 [main] DEBUG c.j.j.internal.path.CompiledPath - Evaluating path: $['username']
2017-11-16_12:22:33.786 [main] DEBUG c.j.j.internal.path.CompiledPath - Evaluating path: $['password']
2017-11-16_12:22:33.795 [main] DEBUG c.j.j.internal.path.CompiledPath - Evaluating path: $
2017-11-16_12:22:33.795 [main] DEBUG c.j.j.internal.path.CompiledPath - Evaluating path: $[0]['senderName']
2017-11-16_12:22:33.796 [main] DEBUG c.j.j.internal.path.CompiledPath - Evaluating path: $[0]['receiverId']
2017-11-16_12:22:33.796 [main] DEBUG c.j.j.internal.path.CompiledPath - Evaluating path: $[0]['streamType']
2017-11-16_12:22:33.797 [main] DEBUG c.j.j.internal.path.CompiledPath - Evaluating path: $[0]['message']
2017-11-16_12:22:33.798 [main] DEBUG c.j.j.internal.path.CompiledPath - Evaluating path: $[1]['senderName']
2017-11-16_12:22:33.798 [main] DEBUG c.j.j.internal.path.CompiledPath - Evaluating path: $[1]['receiverId']
2017-11-16_12:22:33.799 [main] DEBUG c.j.j.internal.path.CompiledPath - Evaluating path: $[1]['streamType']
2017-11-16_12:22:33.800 [main] DEBUG c.j.j.internal.path.CompiledPath - Evaluating path: $[1]['message']
2017-11-16_12:22:33.801 [main] DEBUG c.j.j.internal.path.CompiledPath - Evaluating path: $[2]['senderName']
2017-11-16_12:22:33.801 [main] DEBUG c.j.j.internal.path.CompiledPath - Evaluating path: $[2]['receiverId']
2017-11-16_12:22:33.802 [main] DEBUG c.j.j.internal.path.CompiledPath - Evaluating path: $[2]['streamType']
2017-11-16_12:22:33.802 [main] DEBUG c.j.j.internal.path.CompiledPath - Evaluating path: $[2]['message']
2017-11-16_12:22:34.034 [main] DEBUG c.j.j.internal.path.CompiledPath - Evaluating path: $['username']
2017-11-16_12:22:34.034 [main] DEBUG c.j.j.internal.path.CompiledPath - Evaluating path: $['password']
2017-11-16_12:22:34.082 [main] DEBUG c.j.j.internal.path.CompiledPath - Evaluating path: $['username']
2017-11-16_12:22:34.082 [main] DEBUG c.j.j.internal.path.CompiledPath - Evaluating path: $['password']
2017-11-16_12:22:34.218 [main] DEBUG c.j.j.internal.path.CompiledPath - Evaluating path: $['username']
2017-11-16_12:22:34.221 [main] DEBUG c.j.j.internal.path.CompiledPath - Evaluating path: $['password']
2017-11-16_12:22:34.256 [main] DEBUG c.j.j.internal.path.CompiledPath - Evaluating path: $['username']
2017-11-16_12:22:34.257 [main] DEBUG c.j.j.internal.path.CompiledPath - Evaluating path: $['password']
2017-11-16_12:22:34.297 [main] DEBUG c.j.j.internal.path.CompiledPath - Evaluating path: $['username']
2017-11-16_12:22:34.298 [main] DEBUG c.j.j.internal.path.CompiledPath - Evaluating path: $['password']
2017-11-16_12:22:34.333 [main] DEBUG c.j.j.internal.path.CompiledPath - Evaluating path: $['username']
2017-11-16_12:22:34.333 [main] DEBUG c.j.j.internal.path.CompiledPath - Evaluating path: $['password']
2017-11-16_12:22:34.365 [main] DEBUG c.j.j.internal.path.CompiledPath - Evaluating path: $['username']
2017-11-16_12:22:34.366 [main] DEBUG c.j.j.internal.path.CompiledPath - Evaluating path: $['password']
2017-11-16_12:22:34.432 [main] DEBUG c.j.j.internal.path.CompiledPath - Evaluating path: $['username']
2017-11-16_12:22:34.432 [main] DEBUG c.j.j.internal.path.CompiledPath - Evaluating path: $['password']
2017-11-16_12:22:34.468 [main] DEBUG c.j.j.internal.path.CompiledPath - Evaluating path: $['username']
2017-11-16_12:22:34.469 [main] DEBUG c.j.j.internal.path.CompiledPath - Evaluating path: $['password']
2017-11-16_12:22:35.359 [main] DEBUG c.j.j.internal.path.CompiledPath - Evaluating path: $['username']
2017-11-16_12:22:35.360 [main] DEBUG c.j.j.internal.path.CompiledPath - Evaluating path: $['password']
2017-11-16_12:22:35.367 [main] DEBUG c.j.j.internal.path.CompiledPath - Evaluating path: $['username']
2017-11-16_12:22:35.367 [main] DEBUG c.j.j.internal.path.CompiledPath - Evaluating path: $['name']
2017-11-16_12:22:35.368 [main] DEBUG c.j.j.internal.path.CompiledPath - Evaluating path: $['password']
2017-11-16_12:22:35.436 [main] DEBUG c.j.j.internal.path.CompiledPath - Evaluating path: $['username']
2017-11-16_12:22:35.437 [main] DEBUG c.j.j.internal.path.CompiledPath - Evaluating path: $['password']
2017-11-16_12:22:35.442 [main] DEBUG c.j.j.internal.path.CompiledPath - Evaluating path: $
2017-11-16_12:22:35.443 [main] DEBUG c.j.j.internal.path.CompiledPath - Evaluating path: $[0]['username']
2017-11-16_12:22:35.444 [main] DEBUG c.j.j.internal.path.CompiledPath - Evaluating path: $[0]['name']
2017-11-16_12:22:35.449 [main] DEBUG c.j.j.internal.path.CompiledPath - Evaluating path: $[0]['password']
2017-11-16_12:22:35.450 [main] DEBUG c.j.j.internal.path.CompiledPath - Evaluating path: $[1]['username']
2017-11-16_12:22:35.451 [main] DEBUG c.j.j.internal.path.CompiledPath - Evaluating path: $[1]['name']
2017-11-16_12:22:35.452 [main] DEBUG c.j.j.internal.path.CompiledPath - Evaluating path: $[1]['password']
2017-11-16_12:22:35.498 [main] DEBUG c.j.j.internal.path.CompiledPath - Evaluating path: $['username']
2017-11-16_12:22:35.498 [main] DEBUG c.j.j.internal.path.CompiledPath - Evaluating path: $['password']
2017-11-16_12:22:35.542 [main] DEBUG c.j.j.internal.path.CompiledPath - Evaluating path: $['username']
2017-11-16_12:22:35.542 [main] DEBUG c.j.j.internal.path.CompiledPath - Evaluating path: $['password']
2017-11-16_12:22:35.545 [main] DEBUG c.j.j.internal.path.CompiledPath - Evaluating path: $['username']
2017-11-16_12:22:35.546 [main] DEBUG c.j.j.internal.path.CompiledPath - Evaluating path: $['name']
2017-11-16_12:22:35.549 [main] DEBUG c.j.j.internal.path.CompiledPath - Evaluating path: $['password']
2017-11-16_12:22:35.712 [main] DEBUG c.j.j.internal.path.CompiledPath - Evaluating path: $['username']
2017-11-16_12:22:35.713 [main] DEBUG c.j.j.internal.path.CompiledPath - Evaluating path: $['name']
2017-11-16_12:22:35.713 [main] DEBUG c.j.j.internal.path.CompiledPath - Evaluating path: $['password']
2017-11-16_12:22:35.784 [main] DEBUG c.j.j.internal.path.CompiledPath - Evaluating path: $['username']
2017-11-16_12:22:35.786 [main] DEBUG c.j.j.internal.path.CompiledPath - Evaluating path: $['password']
2017-11-16_12:22:35.851 [main] DEBUG c.j.j.internal.path.CompiledPath - Evaluating path: $['username']
2017-11-16_12:22:35.852 [main] DEBUG c.j.j.internal.path.CompiledPath - Evaluating path: $['password']
2017-11-16_12:22:35.856 [main] DEBUG c.j.j.internal.path.CompiledPath - Evaluating path: $
2017-11-16_12:22:35.857 [main] DEBUG c.j.j.internal.path.CompiledPath - Evaluating path: $[0]['circleName']
2017-11-16_12:22:35.857 [main] DEBUG c.j.j.internal.path.CompiledPath - Evaluating path: $[0]['creatorId']
2017-11-16_12:22:35.858 [main] DEBUG c.j.j.internal.path.CompiledPath - Evaluating path: $[1]['circleName']
2017-11-16_12:22:35.858 [main] DEBUG c.j.j.internal.path.CompiledPath - Evaluating path: $[1]['creatorId']
2017-11-16_12:22:35.927 [main] DEBUG c.j.j.internal.path.CompiledPath - Evaluating path: $['username']
2017-11-16_12:22:35.927 [main] DEBUG c.j.j.internal.path.CompiledPath - Evaluating path: $['password']
2017-11-16_12:22:35.932 [main] DEBUG c.j.j.internal.path.CompiledPath - Evaluating path: $
2017-11-16_12:22:35.932 [main] DEBUG c.j.j.internal.path.CompiledPath - Evaluating path: $[0]['circleName']
