2017-11-16_12:39:28.965 [main] DEBUG c.j.j.internal.path.CompiledPath - Evaluating path: $[0]['circleName']
2017-11-16_12:39:28.968 [main] DEBUG c.j.j.internal.path.CompiledPath - Evaluating path: $[0]['streamType']
2017-11-16_12:39:28.969 [main] DEBUG c.j.j.internal.path.CompiledPath - Evaluating path: $[0]['message']
2017-11-16_12:39:28.970 [main] DEBUG c.j.j.internal.path.CompiledPath - Evaluating path: $[0]['tag']
2017-11-16_12:39:28.971 [main] DEBUG c.j.j.internal.path.CompiledPath - Evaluating path: $[1]['senderName']
2017-11-16_12:39:28.971 [main] DEBUG c.j.j.internal.path.CompiledPath - Evaluating path: $[1]['circleName']
2017-11-16_12:39:28.974 [main] DEBUG c.j.j.internal.path.CompiledPath - Evaluating path: $[1]['streamType']
2017-11-16_12:39:28.975 [main] DEBUG c.j.j.internal.path.CompiledPath - Evaluating path: $[1]['message']
2017-11-16_12:39:28.976 [main] DEBUG c.j.j.internal.path.CompiledPath - Evaluating path: $[1]['tag']
2017-11-16_12:39:28.976 [main] DEBUG c.j.j.internal.path.CompiledPath - Evaluating path: $[2]['senderName']
2017-11-16_12:39:28.977 [main] DEBUG c.j.j.internal.path.CompiledPath - Evaluating path: $[2]['circleName']
2017-11-16_12:39:28.977 [main] DEBUG c.j.j.internal.path.CompiledPath - Evaluating path: $[2]['streamType']
2017-11-16_12:39:28.978 [main] DEBUG c.j.j.internal.path.CompiledPath - Evaluating path: $[2]['message']
2017-11-16_12:39:28.978 [main] DEBUG c.j.j.internal.path.CompiledPath - Evaluating path: $[2]['tag']
2017-11-16_12:39:29.021 [main] DEBUG c.j.j.internal.path.CompiledPath - Evaluating path: $['username']
2017-11-16_12:39:29.021 [main] DEBUG c.j.j.internal.path.CompiledPath - Evaluating path: $['password']
2017-11-16_12:39:29.077 [main] DEBUG c.j.j.internal.path.CompiledPath - Evaluating path: $['username']
2017-11-16_12:39:29.078 [main] DEBUG c.j.j.internal.path.CompiledPath - Evaluating path: $['password']
2017-11-16_12:39:29.128 [main] DEBUG c.j.j.internal.path.CompiledPath - Evaluating path: $['username']
2017-11-16_12:39:29.130 [main] DEBUG c.j.j.internal.path.CompiledPath - Evaluating path: $['password']
2017-11-16_12:39:29.218 [main] DEBUG c.j.j.internal.path.CompiledPath - Evaluating path: $['username']
2017-11-16_12:39:29.219 [main] DEBUG c.j.j.internal.path.CompiledPath - Evaluating path: $['password']
2017-11-16_12:39:29.320 [main] DEBUG c.j.j.internal.path.CompiledPath - Evaluating path: $['username']
2017-11-16_12:39:29.321 [main] DEBUG c.j.j.internal.path.CompiledPath - Evaluating path: $['password']
2017-11-16_12:39:29.326 [main] DEBUG c.j.j.internal.path.CompiledPath - Evaluating path: $
2017-11-16_12:39:29.326 [main] DEBUG c.j.j.internal.path.CompiledPath - Evaluating path: $[0]
2017-11-16_12:39:29.327 [main] DEBUG c.j.j.internal.path.CompiledPath - Evaluating path: $[1]
2017-11-16_12:39:29.392 [main] DEBUG c.j.j.internal.path.CompiledPath - Evaluating path: $['username']
2017-11-16_12:39:29.393 [main] DEBUG c.j.j.internal.path.CompiledPath - Evaluating path: $['password']
2017-11-16_12:39:29.400 [main] DEBUG c.j.j.internal.path.CompiledPath - Evaluating path: $
2017-11-16_12:39:29.401 [main] DEBUG c.j.j.internal.path.CompiledPath - Evaluating path: $[0]['senderName']
2017-11-16_12:39:29.401 [main] DEBUG c.j.j.internal.path.CompiledPath - Evaluating path: $[0]['circleName']
2017-11-16_12:39:29.402 [main] DEBUG c.j.j.internal.path.CompiledPath - Evaluating path: $[0]['streamType']
2017-11-16_12:39:29.402 [main] DEBUG c.j.j.internal.path.CompiledPath - Evaluating path: $[0]['message']
2017-11-16_12:39:29.403 [main] DEBUG c.j.j.internal.path.CompiledPath - Evaluating path: $[1]['senderName']
2017-11-16_12:39:29.403 [main] DEBUG c.j.j.internal.path.CompiledPath - Evaluating path: $[1]['circleName']
2017-11-16_12:39:29.404 [main] DEBUG c.j.j.internal.path.CompiledPath - Evaluating path: $[1]['streamType']
2017-11-16_12:39:29.404 [main] DEBUG c.j.j.internal.path.CompiledPath - Evaluating path: $[1]['message']
2017-11-16_12:39:29.405 [main] DEBUG c.j.j.internal.path.CompiledPath - Evaluating path: $[2]['senderName']
2017-11-16_12:39:29.405 [main] DEBUG c.j.j.internal.path.CompiledPath - Evaluating path: $[2]['circleName']
2017-11-16_12:39:29.406 [main] DEBUG c.j.j.internal.path.CompiledPath - Evaluating path: $[2]['streamType']
2017-11-16_12:39:29.407 [main] DEBUG c.j.j.internal.path.CompiledPath - Evaluating path: $[2]['message']
2017-11-16_12:39:29.451 [main] DEBUG c.j.j.internal.path.CompiledPath - Evaluating path: $['username']
2017-11-16_12:39:29.452 [main] DEBUG c.j.j.internal.path.CompiledPath - Evaluating path: $['password']
2017-11-16_12:39:29.460 [main] DEBUG c.j.j.internal.path.CompiledPath - Evaluating path: $
2017-11-16_12:39:29.461 [main] DEBUG c.j.j.internal.path.CompiledPath - Evaluating path: $[0]['senderName']
2017-11-16_12:39:29.461 [main] DEBUG c.j.j.internal.path.CompiledPath - Evaluating path: $[0]['receiverId']
2017-11-16_12:39:29.462 [main] DEBUG c.j.j.internal.path.CompiledPath - Evaluating path: $[0]['streamType']
2017-11-16_12:39:29.463 [main] DEBUG c.j.j.internal.path.CompiledPath - Evaluating path: $[0]['message']
2017-11-16_12:39:29.464 [main] DEBUG c.j.j.internal.path.CompiledPath - Evaluating path: $[1]['senderName']
2017-11-16_12:39:29.465 [main] DEBUG c.j.j.internal.path.CompiledPath - Evaluating path: $[1]['receiverId']
2017-11-16_12:39:29.465 [main] DEBUG c.j.j.internal.path.CompiledPath - Evaluating path: $[1]['streamType']
2017-11-16_12:39:29.466 [main] DEBUG c.j.j.internal.path.CompiledPath - Evaluating path: $[1]['message']
2017-11-16_12:39:29.466 [main] DEBUG c.j.j.internal.path.CompiledPath - Evaluating path: $[2]['senderName']
2017-11-16_12:39:29.467 [main] DEBUG c.j.j.internal.path.CompiledPath - Evaluating path: $[2]['receiverId']
2017-11-16_12:39:29.467 [main] DEBUG c.j.j.internal.path.CompiledPath - Evaluating path: $[2]['streamType']
2017-11-16_12:39:29.468 [main] DEBUG c.j.j.internal.path.CompiledPath - Evaluating path: $[2]['message']
2017-11-16_12:39:29.696 [main] DEBUG c.j.j.internal.path.CompiledPath - Evaluating path: $['username']
2017-11-16_12:39:29.696 [main] DEBUG c.j.j.internal.path.CompiledPath - Evaluating path: $['password']
2017-11-16_12:39:29.758 [main] DEBUG c.j.j.internal.path.CompiledPath - Evaluating path: $['username']
2017-11-16_12:39:29.758 [main] DEBUG c.j.j.internal.path.CompiledPath - Evaluating path: $['password']
2017-11-16_12:39:29.903 [main] DEBUG c.j.j.internal.path.CompiledPath - Evaluating path: $['username']
2017-11-16_12:39:29.904 [main] DEBUG c.j.j.internal.path.CompiledPath - Evaluating path: $['password']
2017-11-16_12:39:29.948 [main] DEBUG c.j.j.internal.path.CompiledPath - Evaluating path: $['username']
2017-11-16_12:39:29.949 [main] DEBUG c.j.j.internal.path.CompiledPath - Evaluating path: $['password']
2017-11-16_12:39:29.989 [main] DEBUG c.j.j.internal.path.CompiledPath - Evaluating path: $['username']
2017-11-16_12:39:29.990 [main] DEBUG c.j.j.internal.path.CompiledPath - Evaluating path: $['password']
2017-11-16_12:39:30.027 [main] DEBUG c.j.j.internal.path.CompiledPath - Evaluating path: $['username']
2017-11-16_12:39:30.027 [main] DEBUG c.j.j.internal.path.CompiledPath - Evaluating path: $['password']
2017-11-16_12:39:30.066 [main] DEBUG c.j.j.internal.path.CompiledPath - Evaluating path: $['username']
2017-11-16_12:39:30.067 [main] DEBUG c.j.j.internal.path.CompiledPath - Evaluating path: $['password']
2017-11-16_12:39:30.145 [main] DEBUG c.j.j.internal.path.CompiledPath - Evaluating path: $['username']
2017-11-16_12:39:30.146 [main] DEBUG c.j.j.internal.path.CompiledPath - Evaluating path: $['password']
2017-11-16_12:39:30.181 [main] DEBUG c.j.j.internal.path.CompiledPath - Evaluating path: $['username']
2017-11-16_12:39:30.182 [main] DEBUG c.j.j.internal.path.CompiledPath - Evaluating path: $['password']
2017-11-16_12:39:31.112 [main] DEBUG c.j.j.internal.path.CompiledPath - Evaluating path: $['username']
2017-11-16_12:39:31.113 [main] DEBUG c.j.j.internal.path.CompiledPath - Evaluating path: $['password']
2017-11-16_12:39:31.119 [main] DEBUG c.j.j.internal.path.CompiledPath - Evaluating path: $['username']
2017-11-16_12:39:31.119 [main] DEBUG c.j.j.internal.path.CompiledPath - Evaluating path: $['name']
2017-11-16_12:39:31.120 [main] DEBUG c.j.j.internal.path.CompiledPath - Evaluating path: $['password']
2017-11-16_12:39:31.150 [main] DEBUG c.j.j.internal.path.CompiledPath - Evaluating path: $['username']
2017-11-16_12:39:31.150 [main] DEBUG c.j.j.internal.path.CompiledPath - Evaluating path: $['password']
2017-11-16_12:39:31.154 [main] DEBUG c.j.j.internal.path.CompiledPath - Evaluating path: $
2017-11-16_12:39:31.154 [main] DEBUG c.j.j.internal.path.CompiledPath - Evaluating path: $[0]['username']
2017-11-16_12:39:31.155 [main] DEBUG c.j.j.internal.path.CompiledPath - Evaluating path: $[0]['name']
2017-11-16_12:39:31.155 [main] DEBUG c.j.j.internal.path.CompiledPath - Evaluating path: $[0]['password']
2017-11-16_12:39:31.155 [main] DEBUG c.j.j.internal.path.CompiledPath - Evaluating path: $[1]['username']
2017-11-16_12:39:31.156 [main] DEBUG c.j.j.internal.path.CompiledPath - Evaluating path: $[1]['name']
2017-11-16_12:39:31.156 [main] DEBUG c.j.j.internal.path.CompiledPath - Evaluating path: $[1]['password']
2017-11-16_12:39:31.187 [main] DEBUG c.j.j.internal.path.CompiledPath - Evaluating path: $['username']
2017-11-16_12:39:31.188 [main] DEBUG c.j.j.internal.path.CompiledPath - Evaluating path: $['password']
2017-11-16_12:39:31.227 [main] DEBUG c.j.j.internal.path.CompiledPath - Evaluating path: $['username']
2017-11-16_12:39:31.228 [main] DEBUG c.j.j.internal.path.CompiledPath - Evaluating path: $['password']
2017-11-16_12:39:31.234 [main] DEBUG c.j.j.internal.path.CompiledPath - Evaluating path: $['username']
2017-11-16_12:39:31.234 [main] DEBUG c.j.j.internal.path.CompiledPath - Evaluating path: $['name']
2017-11-16_12:39:31.235 [main] DEBUG c.j.j.internal.path.CompiledPath - Evaluating path: $['password']
2017-11-16_12:39:31.355 [main] DEBUG c.j.j.internal.path.CompiledPath - Evaluating path: $['username']
2017-11-16_12:39:31.356 [main] DEBUG c.j.j.internal.path.CompiledPath - Evaluating path: $['name']
2017-11-16_12:39:31.356 [main] DEBUG c.j.j.internal.path.CompiledPath - Evaluating path: $['password']
2017-11-16_12:39:31.389 [main] DEBUG c.j.j.internal.path.CompiledPath - Evaluating path: $['username']
2017-11-16_12:39:31.390 [main] DEBUG c.j.j.internal.path.CompiledPath - Evaluating path: $['password']
2017-11-16_12:39:31.454 [main] DEBUG c.j.j.internal.path.CompiledPath - Evaluating path: $['username']
2017-11-16_12:39:31.455 [main] DEBUG c.j.j.internal.path.CompiledPath - Evaluating path: $['password']
2017-11-16_12:39:31.460 [main] DEBUG c.j.j.internal.path.CompiledPath - Evaluating path: $
2017-11-16_12:39:31.460 [main] DEBUG c.j.j.internal.path.CompiledPath - Evaluating path: $[0]['circleName']
2017-11-16_12:39:31.461 [main] DEBUG c.j.j.internal.path.CompiledPath - Evaluating path: $[0]['creatorId']
2017-11-16_12:39:31.461 [main] DEBUG c.j.j.internal.path.CompiledPath - Evaluating path: $[1]['circleName']
2017-11-16_12:39:31.462 [main] DEBUG c.j.j.internal.path.CompiledPath - Evaluating path: $[1]['creatorId']
2017-11-16_12:39:31.523 [main] DEBUG c.j.j.internal.path.CompiledPath - Evaluating path: $['username']
2017-11-16_12:39:31.524 [main] DEBUG c.j.j.internal.path.CompiledPath - Evaluating path: $['password']
2017-11-16_12:39:31.532 [main] DEBUG c.j.j.internal.path.CompiledPath - Evaluating path: $
2017-11-16_12:39:31.533 [main] DEBUG c.j.j.internal.path.CompiledPath - Evaluating path: $[0]['circleName']
