2017-11-16_12:11:51.243 [main] DEBUG c.j.j.internal.path.CompiledPath - Evaluating path: $['password']
2017-11-16_12:11:51.282 [main] DEBUG c.j.j.internal.path.CompiledPath - Evaluating path: $['username']
2017-11-16_12:11:51.282 [main] DEBUG c.j.j.internal.path.CompiledPath - Evaluating path: $['password']
2017-11-16_12:11:51.286 [main] DEBUG c.j.j.internal.path.CompiledPath - Evaluating path: $
2017-11-16_12:11:51.286 [main] DEBUG c.j.j.internal.path.CompiledPath - Evaluating path: $[0]['username']
2017-11-16_12:11:51.287 [main] DEBUG c.j.j.internal.path.CompiledPath - Evaluating path: $[0]['name']
2017-11-16_12:11:51.287 [main] DEBUG c.j.j.internal.path.CompiledPath - Evaluating path: $[0]['password']
2017-11-16_12:11:51.287 [main] DEBUG c.j.j.internal.path.CompiledPath - Evaluating path: $[1]['username']
2017-11-16_12:11:51.287 [main] DEBUG c.j.j.internal.path.CompiledPath - Evaluating path: $[1]['name']
2017-11-16_12:11:51.288 [main] DEBUG c.j.j.internal.path.CompiledPath - Evaluating path: $[1]['password']
2017-11-16_12:11:51.327 [main] DEBUG c.j.j.internal.path.CompiledPath - Evaluating path: $['username']
2017-11-16_12:11:51.328 [main] DEBUG c.j.j.internal.path.CompiledPath - Evaluating path: $['password']
2017-11-16_12:11:51.367 [main] DEBUG c.j.j.internal.path.CompiledPath - Evaluating path: $['username']
2017-11-16_12:11:51.368 [main] DEBUG c.j.j.internal.path.CompiledPath - Evaluating path: $['password']
2017-11-16_12:11:51.387 [main] DEBUG c.j.j.internal.path.CompiledPath - Evaluating path: $['username']
2017-11-16_12:11:51.388 [main] DEBUG c.j.j.internal.path.CompiledPath - Evaluating path: $['name']
2017-11-16_12:11:51.388 [main] DEBUG c.j.j.internal.path.CompiledPath - Evaluating path: $['password']
2017-11-16_12:11:51.548 [main] DEBUG c.j.j.internal.path.CompiledPath - Evaluating path: $['username']
2017-11-16_12:11:51.548 [main] DEBUG c.j.j.internal.path.CompiledPath - Evaluating path: $['name']
2017-11-16_12:11:51.548 [main] DEBUG c.j.j.internal.path.CompiledPath - Evaluating path: $['password']
2017-11-16_12:11:51.579 [main] DEBUG c.j.j.internal.path.CompiledPath - Evaluating path: $['username']
2017-11-16_12:11:51.579 [main] DEBUG c.j.j.internal.path.CompiledPath - Evaluating path: $['password']
2017-11-16_12:11:51.623 [main] DEBUG c.j.j.internal.path.CompiledPath - Evaluating path: $['username']
2017-11-16_12:11:51.624 [main] DEBUG c.j.j.internal.path.CompiledPath - Evaluating path: $['password']
2017-11-16_12:11:51.672 [main] DEBUG c.j.j.internal.path.CompiledPath - Evaluating path: $['username']
2017-11-16_12:11:51.672 [main] DEBUG c.j.j.internal.path.CompiledPath - Evaluating path: $['password']
2017-11-16_12:11:51.722 [main] DEBUG c.j.j.internal.path.CompiledPath - Evaluating path: $['username']
2017-11-16_12:11:51.722 [main] DEBUG c.j.j.internal.path.CompiledPath - Evaluating path: $['password']
2017-11-16_12:11:51.760 [main] DEBUG c.j.j.internal.path.CompiledPath - Evaluating path: $['username']
2017-11-16_12:11:51.761 [main] DEBUG c.j.j.internal.path.CompiledPath - Evaluating path: $['password']
2017-11-16_12:11:51.841 [main] DEBUG c.j.j.internal.path.CompiledPath - Evaluating path: $['username']
2017-11-16_12:11:51.842 [main] DEBUG c.j.j.internal.path.CompiledPath - Evaluating path: $['password']
2017-11-16_12:11:51.887 [main] DEBUG c.j.j.internal.path.CompiledPath - Evaluating path: $['username']
2017-11-16_12:11:51.887 [main] DEBUG c.j.j.internal.path.CompiledPath - Evaluating path: $['password']
2017-11-16_12:11:52.568 [main] DEBUG c.j.j.internal.path.CompiledPath - Evaluating path: $['username']
2017-11-16_12:11:52.568 [main] DEBUG c.j.j.internal.path.CompiledPath - Evaluating path: $['password']
2017-11-16_12:11:52.610 [main] DEBUG c.j.j.internal.path.CompiledPath - Evaluating path: $['username']
2017-11-16_12:11:52.611 [main] DEBUG c.j.j.internal.path.CompiledPath - Evaluating path: $['password']
2017-11-16_12:11:52.655 [main] DEBUG c.j.j.internal.path.CompiledPath - Evaluating path: $['username']
2017-11-16_12:11:52.655 [main] DEBUG c.j.j.internal.path.CompiledPath - Evaluating path: $['password']
2017-11-16_12:11:52.713 [main] DEBUG c.j.j.internal.path.CompiledPath - Evaluating path: $['username']
2017-11-16_12:11:52.714 [main] DEBUG c.j.j.internal.path.CompiledPath - Evaluating path: $['password']
2017-11-16_12:11:52.756 [main] DEBUG c.j.j.internal.path.CompiledPath - Evaluating path: $['username']
2017-11-16_12:11:52.757 [main] DEBUG c.j.j.internal.path.CompiledPath - Evaluating path: $['password']
2017-11-16_12:11:52.837 [main] DEBUG c.j.j.internal.path.CompiledPath - Evaluating path: $['username']
2017-11-16_12:11:52.838 [main] DEBUG c.j.j.internal.path.CompiledPath - Evaluating path: $['password']
2017-11-16_12:11:52.879 [main] DEBUG c.j.j.internal.path.CompiledPath - Evaluating path: $['username']
2017-11-16_12:11:52.880 [main] DEBUG c.j.j.internal.path.CompiledPath - Evaluating path: $['password']
2017-11-16_12:11:53.273 [main] DEBUG c.j.j.internal.path.CompiledPath - Evaluating path: $['username']
2017-11-16_12:11:53.273 [main] DEBUG c.j.j.internal.path.CompiledPath - Evaluating path: $['password']
2017-11-16_12:11:53.328 [main] DEBUG c.j.j.internal.path.CompiledPath - Evaluating path: $['username']
2017-11-16_12:11:53.328 [main] DEBUG c.j.j.internal.path.CompiledPath - Evaluating path: $['password']
2017-11-16_12:22:30.636 [main] DEBUG c.j.j.internal.path.CompiledPath - Evaluating path: $['username']
2017-11-16_12:22:30.651 [main] DEBUG c.j.j.internal.path.CompiledPath - Evaluating path: $['password']
2017-11-16_12:22:30.660 [main] DEBUG c.j.j.internal.path.CompiledPath - Evaluating path: $['username']
2017-11-16_12:22:30.660 [main] DEBUG c.j.j.internal.path.CompiledPath - Evaluating path: $['name']
2017-11-16_12:22:30.661 [main] DEBUG c.j.j.internal.path.CompiledPath - Evaluating path: $['password']
2017-11-16_12:22:30.707 [main] DEBUG c.j.j.internal.path.CompiledPath - Evaluating path: $['username']
2017-11-16_12:22:30.707 [main] DEBUG c.j.j.internal.path.CompiledPath - Evaluating path: $['password']
2017-11-16_12:22:30.730 [main] DEBUG c.j.j.internal.path.CompiledPath - Evaluating path: $
2017-11-16_12:22:30.734 [main] DEBUG c.j.j.internal.path.CompiledPath - Evaluating path: $[0]['username']
2017-11-16_12:22:30.735 [main] DEBUG c.j.j.internal.path.CompiledPath - Evaluating path: $[0]['name']
2017-11-16_12:22:30.735 [main] DEBUG c.j.j.internal.path.CompiledPath - Evaluating path: $[0]['password']
2017-11-16_12:22:30.736 [main] DEBUG c.j.j.internal.path.CompiledPath - Evaluating path: $[1]['username']
2017-11-16_12:22:30.736 [main] DEBUG c.j.j.internal.path.CompiledPath - Evaluating path: $[1]['name']
2017-11-16_12:22:30.737 [main] DEBUG c.j.j.internal.path.CompiledPath - Evaluating path: $[1]['password']
2017-11-16_12:22:30.788 [main] DEBUG c.j.j.internal.path.CompiledPath - Evaluating path: $['username']
2017-11-16_12:22:30.788 [main] DEBUG c.j.j.internal.path.CompiledPath - Evaluating path: $['password']
2017-11-16_12:22:30.837 [main] DEBUG c.j.j.internal.path.CompiledPath - Evaluating path: $['username']
2017-11-16_12:22:30.837 [main] DEBUG c.j.j.internal.path.CompiledPath - Evaluating path: $['password']
2017-11-16_12:22:30.841 [main] DEBUG c.j.j.internal.path.CompiledPath - Evaluating path: $['username']
2017-11-16_12:22:30.842 [main] DEBUG c.j.j.internal.path.CompiledPath - Evaluating path: $['name']
2017-11-16_12:22:30.843 [main] DEBUG c.j.j.internal.path.CompiledPath - Evaluating path: $['password']
2017-11-16_12:22:30.995 [main] DEBUG c.j.j.internal.path.CompiledPath - Evaluating path: $['username']
2017-11-16_12:22:30.995 [main] DEBUG c.j.j.internal.path.CompiledPath - Evaluating path: $['name']
2017-11-16_12:22:30.996 [main] DEBUG c.j.j.internal.path.CompiledPath - Evaluating path: $['password']
2017-11-16_12:22:31.057 [main] DEBUG c.j.j.internal.path.CompiledPath - Evaluating path: $['username']
2017-11-16_12:22:31.057 [main] DEBUG c.j.j.internal.path.CompiledPath - Evaluating path: $['password']
2017-11-16_12:22:31.231 [main] DEBUG c.j.j.internal.path.CompiledPath - Evaluating path: $['username']
2017-11-16_12:22:31.233 [main] DEBUG c.j.j.internal.path.CompiledPath - Evaluating path: $['password']
2017-11-16_12:22:31.245 [main] DEBUG c.j.j.internal.path.CompiledPath - Evaluating path: $
2017-11-16_12:22:31.246 [main] DEBUG c.j.j.internal.path.CompiledPath - Evaluating path: $[0]['circleName']
2017-11-16_12:22:31.247 [main] DEBUG c.j.j.internal.path.CompiledPath - Evaluating path: $[0]['creatorId']
2017-11-16_12:22:31.248 [main] DEBUG c.j.j.internal.path.CompiledPath - Evaluating path: $[1]['circleName']
2017-11-16_12:22:31.249 [main] DEBUG c.j.j.internal.path.CompiledPath - Evaluating path: $[1]['creatorId']
2017-11-16_12:22:31.340 [main] DEBUG c.j.j.internal.path.CompiledPath - Evaluating path: $['username']
2017-11-16_12:22:31.343 [main] DEBUG c.j.j.internal.path.CompiledPath - Evaluating path: $['password']
2017-11-16_12:22:31.359 [main] DEBUG c.j.j.internal.path.CompiledPath - Evaluating path: $
2017-11-16_12:22:31.360 [main] DEBUG c.j.j.internal.path.CompiledPath - Evaluating path: $[0]['circleName']
2017-11-16_12:22:31.361 [main] DEBUG c.j.j.internal.path.CompiledPath - Evaluating path: $[0]['creatorId']
2017-11-16_12:22:31.363 [main] DEBUG c.j.j.internal.path.CompiledPath - Evaluating path: $[1]['circleName']
2017-11-16_12:22:31.365 [main] DEBUG c.j.j.internal.path.CompiledPath - Evaluating path: $[1]['creatorId']
2017-11-16_12:22:31.451 [main] DEBUG c.j.j.internal.path.CompiledPath - Evaluating path: $['username']
2017-11-16_12:22:31.452 [main] DEBUG c.j.j.internal.path.CompiledPath - Evaluating path: $['password']
2017-11-16_12:22:31.460 [main] DEBUG c.j.j.internal.path.CompiledPath - Evaluating path: $['circleName']
2017-11-16_12:22:31.460 [main] DEBUG c.j.j.internal.path.CompiledPath - Evaluating path: $['creatorId']
2017-11-16_12:22:32.608 [main] DEBUG c.j.j.internal.path.CompiledPath - Evaluating path: $['username']
2017-11-16_12:22:32.609 [main] DEBUG c.j.j.internal.path.CompiledPath - Evaluating path: $['password']
2017-11-16_12:22:32.692 [main] DEBUG c.j.j.internal.path.CompiledPath - Evaluating path: $['username']
2017-11-16_12:22:32.693 [main] DEBUG c.j.j.internal.path.CompiledPath - Evaluating path: $['password']
2017-11-16_12:22:32.710 [main] DEBUG c.j.j.internal.path.CompiledPath - Evaluating path: $
2017-11-16_12:22:32.710 [main] DEBUG c.j.j.internal.path.CompiledPath - Evaluating path: $[0]
2017-11-16_12:22:32.711 [main] DEBUG c.j.j.internal.path.CompiledPath - Evaluating path: $[1]
2017-11-16_12:22:32.712 [main] DEBUG c.j.j.internal.path.CompiledPath - Evaluating path: $[2]
2017-11-16_12:22:32.773 [main] DEBUG c.j.j.internal.path.CompiledPath - Evaluating path: $['username']
2017-11-16_12:22:32.779 [main] DEBUG c.j.j.internal.path.CompiledPath - Evaluating path: $['password']
2017-11-16_12:22:32.903 [main] DEBUG c.j.j.internal.path.CompiledPath - Evaluating path: $['username']
2017-11-16_12:22:32.904 [main] DEBUG c.j.j.internal.path.CompiledPath - Evaluating path: $['password']
2017-11-16_12:22:33.119 [main] DEBUG c.j.j.internal.path.CompiledPath - Evaluating path: $['username']
2017-11-16_12:22:33.120 [main] DEBUG c.j.j.internal.path.CompiledPath - Evaluating path: $['password']
2017-11-16_12:22:33.188 [main] DEBUG c.j.j.internal.path.CompiledPath - Evaluating path: $['username']
2017-11-16_12:22:33.197 [main] DEBUG c.j.j.internal.path.CompiledPath - Evaluating path: $['password']
2017-11-16_12:22:33.213 [main] DEBUG c.j.j.internal.path.CompiledPath - Evaluating path: $
2017-11-16_12:22:33.214 [main] DEBUG c.j.j.internal.path.CompiledPath - Evaluating path: $[0]['senderName']
