2017-11-16_12:30:33.312 [main] DEBUG c.j.j.internal.path.CompiledPath - Evaluating path: $['password']
2017-11-16_12:30:33.315 [main] DEBUG c.j.j.internal.path.CompiledPath - Evaluating path: $
2017-11-16_12:30:33.316 [main] DEBUG c.j.j.internal.path.CompiledPath - Evaluating path: $[0]
2017-11-16_12:30:33.316 [main] DEBUG c.j.j.internal.path.CompiledPath - Evaluating path: $[1]
2017-11-16_12:30:33.366 [main] DEBUG c.j.j.internal.path.CompiledPath - Evaluating path: $['username']
2017-11-16_12:30:33.367 [main] DEBUG c.j.j.internal.path.CompiledPath - Evaluating path: $['password']
2017-11-16_12:30:33.373 [main] DEBUG c.j.j.internal.path.CompiledPath - Evaluating path: $
2017-11-16_12:30:33.374 [main] DEBUG c.j.j.internal.path.CompiledPath - Evaluating path: $[0]['senderName']
2017-11-16_12:30:33.374 [main] DEBUG c.j.j.internal.path.CompiledPath - Evaluating path: $[0]['circleName']
2017-11-16_12:30:33.375 [main] DEBUG c.j.j.internal.path.CompiledPath - Evaluating path: $[0]['streamType']
2017-11-16_12:30:33.375 [main] DEBUG c.j.j.internal.path.CompiledPath - Evaluating path: $[0]['message']
2017-11-16_12:30:33.377 [main] DEBUG c.j.j.internal.path.CompiledPath - Evaluating path: $[1]['senderName']
2017-11-16_12:30:33.393 [main] DEBUG c.j.j.internal.path.CompiledPath - Evaluating path: $[1]['circleName']
2017-11-16_12:30:33.400 [main] DEBUG c.j.j.internal.path.CompiledPath - Evaluating path: $[1]['streamType']
2017-11-16_12:30:33.400 [main] DEBUG c.j.j.internal.path.CompiledPath - Evaluating path: $[1]['message']
2017-11-16_12:30:33.401 [main] DEBUG c.j.j.internal.path.CompiledPath - Evaluating path: $[2]['senderName']
2017-11-16_12:30:33.401 [main] DEBUG c.j.j.internal.path.CompiledPath - Evaluating path: $[2]['circleName']
2017-11-16_12:30:33.402 [main] DEBUG c.j.j.internal.path.CompiledPath - Evaluating path: $[2]['streamType']
2017-11-16_12:30:33.402 [main] DEBUG c.j.j.internal.path.CompiledPath - Evaluating path: $[2]['message']
2017-11-16_12:30:33.484 [main] DEBUG c.j.j.internal.path.CompiledPath - Evaluating path: $['username']
2017-11-16_12:30:33.485 [main] DEBUG c.j.j.internal.path.CompiledPath - Evaluating path: $['password']
2017-11-16_12:30:33.493 [main] DEBUG c.j.j.internal.path.CompiledPath - Evaluating path: $
2017-11-16_12:30:33.494 [main] DEBUG c.j.j.internal.path.CompiledPath - Evaluating path: $[0]['senderName']
2017-11-16_12:30:33.495 [main] DEBUG c.j.j.internal.path.CompiledPath - Evaluating path: $[0]['receiverId']
2017-11-16_12:30:33.496 [main] DEBUG c.j.j.internal.path.CompiledPath - Evaluating path: $[0]['streamType']
2017-11-16_12:30:33.496 [main] DEBUG c.j.j.internal.path.CompiledPath - Evaluating path: $[0]['message']
2017-11-16_12:30:33.497 [main] DEBUG c.j.j.internal.path.CompiledPath - Evaluating path: $[1]['senderName']
2017-11-16_12:30:33.497 [main] DEBUG c.j.j.internal.path.CompiledPath - Evaluating path: $[1]['receiverId']
2017-11-16_12:30:33.498 [main] DEBUG c.j.j.internal.path.CompiledPath - Evaluating path: $[1]['streamType']
2017-11-16_12:30:33.498 [main] DEBUG c.j.j.internal.path.CompiledPath - Evaluating path: $[1]['message']
2017-11-16_12:30:33.499 [main] DEBUG c.j.j.internal.path.CompiledPath - Evaluating path: $[2]['senderName']
2017-11-16_12:30:33.503 [main] DEBUG c.j.j.internal.path.CompiledPath - Evaluating path: $[2]['receiverId']
2017-11-16_12:30:33.504 [main] DEBUG c.j.j.internal.path.CompiledPath - Evaluating path: $[2]['streamType']
2017-11-16_12:30:33.506 [main] DEBUG c.j.j.internal.path.CompiledPath - Evaluating path: $[2]['message']
2017-11-16_12:30:33.719 [main] DEBUG c.j.j.internal.path.CompiledPath - Evaluating path: $['username']
2017-11-16_12:30:33.719 [main] DEBUG c.j.j.internal.path.CompiledPath - Evaluating path: $['password']
2017-11-16_12:30:33.774 [main] DEBUG c.j.j.internal.path.CompiledPath - Evaluating path: $['username']
2017-11-16_12:30:33.775 [main] DEBUG c.j.j.internal.path.CompiledPath - Evaluating path: $['password']
2017-11-16_12:30:33.900 [main] DEBUG c.j.j.internal.path.CompiledPath - Evaluating path: $['username']
2017-11-16_12:30:33.900 [main] DEBUG c.j.j.internal.path.CompiledPath - Evaluating path: $['password']
2017-11-16_12:30:33.931 [main] DEBUG c.j.j.internal.path.CompiledPath - Evaluating path: $['username']
2017-11-16_12:30:33.932 [main] DEBUG c.j.j.internal.path.CompiledPath - Evaluating path: $['password']
2017-11-16_12:30:33.972 [main] DEBUG c.j.j.internal.path.CompiledPath - Evaluating path: $['username']
2017-11-16_12:30:33.972 [main] DEBUG c.j.j.internal.path.CompiledPath - Evaluating path: $['password']
2017-11-16_12:30:34.018 [main] DEBUG c.j.j.internal.path.CompiledPath - Evaluating path: $['username']
2017-11-16_12:30:34.018 [main] DEBUG c.j.j.internal.path.CompiledPath - Evaluating path: $['password']
2017-11-16_12:30:34.052 [main] DEBUG c.j.j.internal.path.CompiledPath - Evaluating path: $['username']
2017-11-16_12:30:34.053 [main] DEBUG c.j.j.internal.path.CompiledPath - Evaluating path: $['password']
2017-11-16_12:30:34.151 [main] DEBUG c.j.j.internal.path.CompiledPath - Evaluating path: $['username']
2017-11-16_12:30:34.152 [main] DEBUG c.j.j.internal.path.CompiledPath - Evaluating path: $['password']
2017-11-16_12:30:34.185 [main] DEBUG c.j.j.internal.path.CompiledPath - Evaluating path: $['username']
2017-11-16_12:30:34.185 [main] DEBUG c.j.j.internal.path.CompiledPath - Evaluating path: $['password']
2017-11-16_12:39:26.746 [main] DEBUG c.j.j.internal.path.CompiledPath - Evaluating path: $['username']
2017-11-16_12:39:26.762 [main] DEBUG c.j.j.internal.path.CompiledPath - Evaluating path: $['password']
2017-11-16_12:39:26.770 [main] DEBUG c.j.j.internal.path.CompiledPath - Evaluating path: $['username']
2017-11-16_12:39:26.770 [main] DEBUG c.j.j.internal.path.CompiledPath - Evaluating path: $['name']
2017-11-16_12:39:26.771 [main] DEBUG c.j.j.internal.path.CompiledPath - Evaluating path: $['password']
2017-11-16_12:39:26.817 [main] DEBUG c.j.j.internal.path.CompiledPath - Evaluating path: $['username']
2017-11-16_12:39:26.818 [main] DEBUG c.j.j.internal.path.CompiledPath - Evaluating path: $['password']
2017-11-16_12:39:26.835 [main] DEBUG c.j.j.internal.path.CompiledPath - Evaluating path: $
2017-11-16_12:39:26.837 [main] DEBUG c.j.j.internal.path.CompiledPath - Evaluating path: $[0]['username']
2017-11-16_12:39:26.838 [main] DEBUG c.j.j.internal.path.CompiledPath - Evaluating path: $[0]['name']
2017-11-16_12:39:26.839 [main] DEBUG c.j.j.internal.path.CompiledPath - Evaluating path: $[0]['password']
2017-11-16_12:39:26.839 [main] DEBUG c.j.j.internal.path.CompiledPath - Evaluating path: $[1]['username']
2017-11-16_12:39:26.840 [main] DEBUG c.j.j.internal.path.CompiledPath - Evaluating path: $[1]['name']
2017-11-16_12:39:26.840 [main] DEBUG c.j.j.internal.path.CompiledPath - Evaluating path: $[1]['password']
2017-11-16_12:39:26.892 [main] DEBUG c.j.j.internal.path.CompiledPath - Evaluating path: $['username']
2017-11-16_12:39:26.893 [main] DEBUG c.j.j.internal.path.CompiledPath - Evaluating path: $['password']
2017-11-16_12:39:26.940 [main] DEBUG c.j.j.internal.path.CompiledPath - Evaluating path: $['username']
2017-11-16_12:39:26.941 [main] DEBUG c.j.j.internal.path.CompiledPath - Evaluating path: $['password']
2017-11-16_12:39:26.950 [main] DEBUG c.j.j.internal.path.CompiledPath - Evaluating path: $['username']
2017-11-16_12:39:26.951 [main] DEBUG c.j.j.internal.path.CompiledPath - Evaluating path: $['name']
2017-11-16_12:39:26.952 [main] DEBUG c.j.j.internal.path.CompiledPath - Evaluating path: $['password']
2017-11-16_12:39:27.088 [main] DEBUG c.j.j.internal.path.CompiledPath - Evaluating path: $['username']
2017-11-16_12:39:27.089 [main] DEBUG c.j.j.internal.path.CompiledPath - Evaluating path: $['name']
2017-11-16_12:39:27.090 [main] DEBUG c.j.j.internal.path.CompiledPath - Evaluating path: $['password']
2017-11-16_12:39:27.187 [main] DEBUG c.j.j.internal.path.CompiledPath - Evaluating path: $['username']
2017-11-16_12:39:27.188 [main] DEBUG c.j.j.internal.path.CompiledPath - Evaluating path: $['password']
2017-11-16_12:39:27.326 [main] DEBUG c.j.j.internal.path.CompiledPath - Evaluating path: $['username']
2017-11-16_12:39:27.327 [main] DEBUG c.j.j.internal.path.CompiledPath - Evaluating path: $['password']
2017-11-16_12:39:27.337 [main] DEBUG c.j.j.internal.path.CompiledPath - Evaluating path: $
2017-11-16_12:39:27.338 [main] DEBUG c.j.j.internal.path.CompiledPath - Evaluating path: $[0]['circleName']
2017-11-16_12:39:27.338 [main] DEBUG c.j.j.internal.path.CompiledPath - Evaluating path: $[0]['creatorId']
2017-11-16_12:39:27.339 [main] DEBUG c.j.j.internal.path.CompiledPath - Evaluating path: $[1]['circleName']
2017-11-16_12:39:27.339 [main] DEBUG c.j.j.internal.path.CompiledPath - Evaluating path: $[1]['creatorId']
2017-11-16_12:39:27.413 [main] DEBUG c.j.j.internal.path.CompiledPath - Evaluating path: $['username']
2017-11-16_12:39:27.413 [main] DEBUG c.j.j.internal.path.CompiledPath - Evaluating path: $['password']
2017-11-16_12:39:27.419 [main] DEBUG c.j.j.internal.path.CompiledPath - Evaluating path: $
2017-11-16_12:39:27.420 [main] DEBUG c.j.j.internal.path.CompiledPath - Evaluating path: $[0]['circleName']
2017-11-16_12:39:27.420 [main] DEBUG c.j.j.internal.path.CompiledPath - Evaluating path: $[0]['creatorId']
2017-11-16_12:39:27.422 [main] DEBUG c.j.j.internal.path.CompiledPath - Evaluating path: $[1]['circleName']
2017-11-16_12:39:27.422 [main] DEBUG c.j.j.internal.path.CompiledPath - Evaluating path: $[1]['creatorId']
2017-11-16_12:39:27.513 [main] DEBUG c.j.j.internal.path.CompiledPath - Evaluating path: $['username']
2017-11-16_12:39:27.513 [main] DEBUG c.j.j.internal.path.CompiledPath - Evaluating path: $['password']
2017-11-16_12:39:27.520 [main] DEBUG c.j.j.internal.path.CompiledPath - Evaluating path: $['circleName']
2017-11-16_12:39:27.521 [main] DEBUG c.j.j.internal.path.CompiledPath - Evaluating path: $['creatorId']
2017-11-16_12:39:28.422 [main] DEBUG c.j.j.internal.path.CompiledPath - Evaluating path: $['username']
2017-11-16_12:39:28.430 [main] DEBUG c.j.j.internal.path.CompiledPath - Evaluating path: $['password']
2017-11-16_12:39:28.510 [main] DEBUG c.j.j.internal.path.CompiledPath - Evaluating path: $['username']
2017-11-16_12:39:28.510 [main] DEBUG c.j.j.internal.path.CompiledPath - Evaluating path: $['password']
2017-11-16_12:39:28.516 [main] DEBUG c.j.j.internal.path.CompiledPath - Evaluating path: $
2017-11-16_12:39:28.517 [main] DEBUG c.j.j.internal.path.CompiledPath - Evaluating path: $[0]
2017-11-16_12:39:28.518 [main] DEBUG c.j.j.internal.path.CompiledPath - Evaluating path: $[1]
2017-11-16_12:39:28.518 [main] DEBUG c.j.j.internal.path.CompiledPath - Evaluating path: $[2]
2017-11-16_12:39:28.587 [main] DEBUG c.j.j.internal.path.CompiledPath - Evaluating path: $['username']
2017-11-16_12:39:28.590 [main] DEBUG c.j.j.internal.path.CompiledPath - Evaluating path: $['password']
2017-11-16_12:39:28.712 [main] DEBUG c.j.j.internal.path.CompiledPath - Evaluating path: $['username']
2017-11-16_12:39:28.714 [main] DEBUG c.j.j.internal.path.CompiledPath - Evaluating path: $['password']
2017-11-16_12:39:28.902 [main] DEBUG c.j.j.internal.path.CompiledPath - Evaluating path: $['username']
2017-11-16_12:39:28.902 [main] DEBUG c.j.j.internal.path.CompiledPath - Evaluating path: $['password']
2017-11-16_12:39:28.948 [main] DEBUG c.j.j.internal.path.CompiledPath - Evaluating path: $['username']
2017-11-16_12:39:28.949 [main] DEBUG c.j.j.internal.path.CompiledPath - Evaluating path: $['password']
2017-11-16_12:39:28.958 [main] DEBUG c.j.j.internal.path.CompiledPath - Evaluating path: $
2017-11-16_12:39:28.963 [main] DEBUG c.j.j.internal.path.CompiledPath - Evaluating path: $[0]['senderName']
